<?xml version="1.0" encoding="UTF-8"?>
<!-- Generated by org.testng.reporters.JUnitReportReporter -->
<testsuite hostname="lenovo" failures="0" tests="1" name="com.codebind.AppTest" time="0.003" errors="0" timestamp="2020-06-12T22:50:20 IST" skipped="0">
  <testcase classname="com.codebind.AppTest" name="test" time="0.003"/>
  <system-out/>
</testsuite> <!-- com.codebind.AppTest -->
